0 info it worked if it ends with ok
1 verbose cli [ '/usr/bin/node',
1 verbose cli   '/usr/bin/npm',
1 verbose cli   'install',
1 verbose cli   '-g',
1 verbose cli   'express-generator' ]
2 info using npm@2.15.5
3 info using node@v4.4.5
4 verbose install initial load of /usr/lib/package.json
5 verbose readDependencies loading dependencies from /usr/lib/package.json
6 silly cache add args [ 'express-generator', null ]
7 verbose cache add spec express-generator
8 silly cache add parsed spec Result {
8 silly cache add   raw: 'express-generator',
8 silly cache add   scope: null,
8 silly cache add   name: 'express-generator',
8 silly cache add   rawSpec: '',
8 silly cache add   spec: 'latest',
8 silly cache add   type: 'tag' }
9 silly addNamed express-generator@latest
10 verbose addNamed "latest" is being treated as a dist-tag for express-generator
11 info addNameTag [ 'express-generator', 'latest' ]
12 silly mapToRegistry name express-generator
13 silly mapToRegistry using default registry
14 silly mapToRegistry registry https://registry.npmjs.org/
15 silly mapToRegistry data Result {
15 silly mapToRegistry   raw: 'express-generator',
15 silly mapToRegistry   scope: null,
15 silly mapToRegistry   name: 'express-generator',
15 silly mapToRegistry   rawSpec: '',
15 silly mapToRegistry   spec: 'latest',
15 silly mapToRegistry   type: 'tag' }
16 silly mapToRegistry uri https://registry.npmjs.org/express-generator
17 verbose addNameTag registry:https://registry.npmjs.org/express-generator not in flight; fetching
18 verbose request uri https://registry.npmjs.org/express-generator
19 verbose request no auth needed
20 info attempt registry request try #1 at 09:19:20
21 verbose request id 9fc4277e1d03d850
22 http request GET https://registry.npmjs.org/express-generator
23 http 200 https://registry.npmjs.org/express-generator
24 verbose headers { server: 'CouchDB/1.6.1 (Erlang OTP/R16B03)',
24 verbose headers   etag: '"13RZ3L9G7QKV57KWRLPWHC6BH"',
24 verbose headers   'content-type': 'application/json',
24 verbose headers   'content-encoding': 'gzip',
24 verbose headers   'cache-control': 'max-age=300',
24 verbose headers   'content-length': '4683',
24 verbose headers   'accept-ranges': 'bytes',
24 verbose headers   date: 'Mon, 04 Jul 2016 03:52:08 GMT',
24 verbose headers   via: '1.1 varnish',
24 verbose headers   age: '0',
24 verbose headers   connection: 'keep-alive',
24 verbose headers   'x-served-by': 'cache-sin6927-SIN',
24 verbose headers   'x-cache': 'HIT',
24 verbose headers   'x-cache-hits': '1',
24 verbose headers   'x-timer': 'S1467604327.828574,VS0,VE227',
24 verbose headers   vary: 'Accept-Encoding' }
25 silly get cb [ 200,
25 silly get   { server: 'CouchDB/1.6.1 (Erlang OTP/R16B03)',
25 silly get     etag: '"13RZ3L9G7QKV57KWRLPWHC6BH"',
25 silly get     'content-type': 'application/json',
25 silly get     'content-encoding': 'gzip',
25 silly get     'cache-control': 'max-age=300',
25 silly get     'content-length': '4683',
25 silly get     'accept-ranges': 'bytes',
25 silly get     date: 'Mon, 04 Jul 2016 03:52:08 GMT',
25 silly get     via: '1.1 varnish',
25 silly get     age: '0',
25 silly get     connection: 'keep-alive',
25 silly get     'x-served-by': 'cache-sin6927-SIN',
25 silly get     'x-cache': 'HIT',
25 silly get     'x-cache-hits': '1',
25 silly get     'x-timer': 'S1467604327.828574,VS0,VE227',
25 silly get     vary: 'Accept-Encoding' } ]
26 verbose get saving express-generator to /home/rohan_antony/.npm/registry.npmjs.org/express-generator/.cache.json
27 verbose correctMkdir /home/rohan_antony/.npm correctMkdir not in flight; initializing
28 silly addNameTag next cb for express-generator with tag latest
29 silly addNamed express-generator@4.13.4
30 verbose addNamed "4.13.4" is a plain semver version for express-generator
31 silly mapToRegistry name express-generator
32 silly mapToRegistry using default registry
33 silly mapToRegistry registry https://registry.npmjs.org/
34 silly mapToRegistry data Result {
34 silly mapToRegistry   raw: 'express-generator',
34 silly mapToRegistry   scope: null,
34 silly mapToRegistry   name: 'express-generator',
34 silly mapToRegistry   rawSpec: '',
34 silly mapToRegistry   spec: 'latest',
34 silly mapToRegistry   type: 'tag' }
35 silly mapToRegistry uri https://registry.npmjs.org/express-generator
36 verbose addRemoteTarball https://registry.npmjs.org/express-generator/-/express-generator-4.13.4.tgz not in flight; adding
37 verbose addRemoteTarball [ 'https://registry.npmjs.org/express-generator/-/express-generator-4.13.4.tgz',
37 verbose addRemoteTarball   '3abec2e5e7b548820075024954ff7fa6a447e5eb' ]
38 info retry fetch attempt 1 at 09:22:16
39 info attempt registry request try #1 at 09:22:16
40 http fetch GET https://registry.npmjs.org/express-generator/-/express-generator-4.13.4.tgz
41 http fetch 200 https://registry.npmjs.org/express-generator/-/express-generator-4.13.4.tgz
42 silly fetchAndShaCheck shasum 3abec2e5e7b548820075024954ff7fa6a447e5eb
43 verbose addTmpTarball /tmp/npm-3700-81a09228/registry.npmjs.org/express-generator/-/express-generator-4.13.4.tgz not in flight; adding
44 verbose addTmpTarball already have metadata; skipping unpack for express-generator@4.13.4
45 verbose correctMkdir /home/rohan_antony/.npm correctMkdir not in flight; initializing
46 silly cache afterAdd express-generator@4.13.4
47 verbose afterAdd /home/rohan_antony/.npm/express-generator/4.13.4/package/package.json not in flight; writing
48 verbose correctMkdir /home/rohan_antony/.npm correctMkdir not in flight; initializing
49 verbose afterAdd /home/rohan_antony/.npm/express-generator/4.13.4/package/package.json written
50 silly install resolved [ { name: 'express-generator',
50 silly install resolved     description: 'Express\' application generator',
50 silly install resolved     version: '4.13.4',
50 silly install resolved     author: { name: 'TJ Holowaychuk', email: 'tj@vision-media.ca' },
50 silly install resolved     contributors: [ [Object], [Object], [Object], [Object], [Object], [Object] ],
50 silly install resolved     keywords:
50 silly install resolved      [ 'express',
50 silly install resolved        'framework',
50 silly install resolved        'sinatra',
50 silly install resolved        'web',
50 silly install resolved        'rest',
50 silly install resolved        'restful',
50 silly install resolved        'router',
50 silly install resolved        'app',
50 silly install resolved        'api' ],
50 silly install resolved     repository: { type: 'git', url: 'https://github.com/expressjs/generator' },
50 silly install resolved     license: 'MIT',
50 silly install resolved     dependencies: { commander: '2.7.1', mkdirp: '0.5.1', 'sorted-object': '2.0.0' },
50 silly install resolved     main: 'bin/express',
50 silly install resolved     preferGlobal: true,
50 silly install resolved     bin: { express: './bin/express' },
50 silly install resolved     devDependencies: { mocha: '2.4.5', rimraf: '2.5.2', supertest: '1.2.0' },
50 silly install resolved     engines: { node: '>= 0.10' },
50 silly install resolved     files: [ 'LICENSE', 'bin/', 'templates/' ],
50 silly install resolved     scripts:
50 silly install resolved      { test: 'mocha --reporter spec --bail --check-leaks test/',
50 silly install resolved        'test-ci': 'mocha --reporter spec --check-leaks test/' },
50 silly install resolved     gitHead: 'f7b1543a297425f541f0b18c3312105c403a660f',
50 silly install resolved     bugs: { url: 'https://github.com/expressjs/generator/issues' },
50 silly install resolved     homepage: 'https://github.com/expressjs/generator',
50 silly install resolved     _id: 'express-generator@4.13.4',
50 silly install resolved     _shasum: '3abec2e5e7b548820075024954ff7fa6a447e5eb',
50 silly install resolved     _from: 'express-generator@latest',
50 silly install resolved     _npmVersion: '1.4.28',
50 silly install resolved     _npmUser: { name: 'dougwilson', email: 'doug@somethingdoug.com' },
50 silly install resolved     maintainers: [ [Object] ],
50 silly install resolved     dist:
50 silly install resolved      { shasum: '3abec2e5e7b548820075024954ff7fa6a447e5eb',
50 silly install resolved        tarball: 'https://registry.npmjs.org/express-generator/-/express-generator-4.13.4.tgz' },
50 silly install resolved     _npmOperationalInternal:
50 silly install resolved      { host: 'packages-16-east.internal.npmjs.com',
50 silly install resolved        tmp: 'tmp/express-generator-4.13.4.tgz_1466223574112_0.6206904440186918' },
50 silly install resolved     directories: {},
50 silly install resolved     _resolved: 'https://registry.npmjs.org/express-generator/-/express-generator-4.13.4.tgz' } ]
51 info install express-generator@4.13.4 into /usr/lib
52 info installOne express-generator@4.13.4
53 verbose installOne of express-generator to /usr/lib not in flight; installing
54 verbose correctMkdir /home/rohan_antony/.npm/_locks correctMkdir not in flight; initializing
55 verbose lock using /home/rohan_antony/.npm/_locks/express-generator-981ece2c3651799f.lock for /usr/lib/node_modules/express-generator
56 silly install write writing express-generator 4.13.4 to /usr/lib/node_modules/express-generator
57 verbose unbuild lib/node_modules/express-generator
58 silly gentlyRm /usr/lib/node_modules/express-generator is being purged from base /usr
59 verbose gentlyRm don't care about contents; nuking /usr/lib/node_modules/express-generator
60 verbose tar unpack /home/rohan_antony/.npm/express-generator/4.13.4/package.tgz
61 verbose tar unpacking to /usr/lib/node_modules/express-generator
62 silly gentlyRm /usr/lib/node_modules/express-generator is being purged
63 verbose gentlyRm don't care about contents; nuking /usr/lib/node_modules/express-generator
64 silly gunzTarPerm modes [ '775', '664' ]
65 error tar.unpack untar error /home/rohan_antony/.npm/express-generator/4.13.4/package.tgz
66 verbose unlock done using /home/rohan_antony/.npm/_locks/express-generator-981ece2c3651799f.lock for /usr/lib/node_modules/express-generator
67 verbose fstream_path /usr/lib/node_modules/express-generator
68 verbose fstream_type Directory
69 verbose fstream_class DirWriter
70 verbose stack Error: EACCES: permission denied, mkdir '/usr/lib/node_modules/express-generator'
70 verbose stack     at Error (native)
71 verbose fstream_stack /usr/lib/node_modules/npm/node_modules.bundled/fstream/lib/dir-writer.js:35:25
71 verbose fstream_stack /usr/lib/node_modules/npm/node_modules.bundled/mkdirp/index.js:47:53
71 verbose fstream_stack FSReqWrap.oncomplete (fs.js:82:15)
72 verbose cwd /home/rohan_antony/Programming/chirp
73 error Linux 4.5.7-300.fc24.x86_64
74 error argv "/usr/bin/node" "/usr/bin/npm" "install" "-g" "express-generator"
75 error node v4.4.5
76 error npm  v2.15.5
77 error path /usr/lib/node_modules/express-generator
78 error code EACCES
79 error errno -13
80 error syscall mkdir
81 error Error: EACCES: permission denied, mkdir '/usr/lib/node_modules/express-generator'
81 error     at Error (native)
81 error  { [Error: EACCES: permission denied, mkdir '/usr/lib/node_modules/express-generator']
81 error   errno: -13,
81 error   code: 'EACCES',
81 error   syscall: 'mkdir',
81 error   path: '/usr/lib/node_modules/express-generator',
81 error   fstream_type: 'Directory',
81 error   fstream_path: '/usr/lib/node_modules/express-generator',
81 error   fstream_class: 'DirWriter',
81 error   fstream_stack:
81 error    [ '/usr/lib/node_modules/npm/node_modules.bundled/fstream/lib/dir-writer.js:35:25',
81 error      '/usr/lib/node_modules/npm/node_modules.bundled/mkdirp/index.js:47:53',
81 error      'FSReqWrap.oncomplete (fs.js:82:15)' ] }
82 error Please try running this command again as root/Administrator.
83 verbose exit [ -13, true ]
84 verbose unbuild lib/node_modules/express-generator
85 silly gentlyRm /usr/lib/node_modules/express-generator is being purged from base /usr
86 verbose gentlyRm don't care about contents; nuking /usr/lib/node_modules/express-generator
